Traceback (most recent call last):
  File "/opt/anaconda3/lib/python3.9/site-packages/jupyter_cache/executors/utils.py", line 51, in single_nb_execution
    executenb(
  File "/opt/anaconda3/lib/python3.9/site-packages/nbclient/client.py", line 1204, in execute
    return NotebookClient(nb=nb, resources=resources, km=km, **kwargs).execute()
  File "/opt/anaconda3/lib/python3.9/site-packages/nbclient/util.py", line 84, in wrapped
    return just_run(coro(*args, **kwargs))
  File "/opt/anaconda3/lib/python3.9/site-packages/nbclient/util.py", line 62, in just_run
    return loop.run_until_complete(coro)
  File "/opt/anaconda3/lib/python3.9/asyncio/base_events.py", line 647, in run_until_complete
    return future.result()
  File "/opt/anaconda3/lib/python3.9/site-packages/nbclient/client.py", line 663, in async_execute
    await self.async_execute_cell(
  File "/opt/anaconda3/lib/python3.9/site-packages/nbclient/client.py", line 965, in async_execute_cell
    await self._check_raise_for_error(cell, cell_index, exec_reply)
  File "/opt/anaconda3/lib/python3.9/site-packages/nbclient/client.py", line 862, in _check_raise_for_error
    raise CellExecutionError.from_cell_and_msg(cell, exec_reply_content)
nbclient.exceptions.CellExecutionError: An error occurred while executing the following cell:
------------------
import numpy as np
N = int(input("Antal dronninger der skal løses: \n"))
chessboard = np.zeros([N,N],dtype=int)
chessboard = chessboard.tolist()

def possible(chessboard, row, col): # Først funktion til at se om problemet kan løses.
    l=len(chessboard) # Tager hele længden af skakbrættet
    for i in range(l): # Ser om der er nogle dronningenri rækken.
        if chessboard[row][i]==1: # Hvis den findes så skal vi retuner falsk.
            return False
    for i in range(l):  # Ser om der er nogle dronninger i kolonnen.
        if chessboard[i][col]==1: # Hvis der er en dronning retuner falsk.
            return False
    # Hvis ikke ovenstående er tilfældet, så går den videre.
    for i in range(l): # Går gennem alle rækker.
        for j in range(l): # Går gennem alle kolonner.
            if chessboard[i][j]==1: # Ser om der er en dronning.
                if abs(i - row) == abs(j - col): # Ser om der er en dronning i diagonalen
                    return False 
    return True 

def solve(chessboard):
    l=len(chessboard) # Længden som i forrig funktion.
    for row in range(l): # Føtst for hver række.
        for col in range(l): # Først for hver kolonne.
            if chessboard[row][col] == 0: # Hvis der ingen dronning er kan vi indsætte 1.
                if possible(chessboard, row, col): # Check om cellen er tom.
                    chessboard[row][col] = 1 # Hvis den er tom kan vi indsætte 1.
                    solve(chessboard) # Her kommer den rekursive løsning ind i billede.
                    if sum(sum(a) for a in chessboard) == l: # Check om vi har nået alle mulige løsninger.
                        return chessboard 
                    chessboard[row][col] = 0 # Fjerner de tidliger dronninger
    return chessboard #means we searched the space, we can return our result


print(np.matrix(solve(chessboard)))
------------------

[0;31m---------------------------------------------------------------------------[0m
[0;31mStdinNotImplementedError[0m                  Traceback (most recent call last)
Input [0;32mIn [18][0m, in [0;36m<cell line: 2>[0;34m()[0m
[1;32m      1[0m [38;5;28;01mimport[39;00m [38;5;21;01mnumpy[39;00m [38;5;28;01mas[39;00m [38;5;21;01mnp[39;00m
[0;32m----> 2[0m N [38;5;241m=[39m [38;5;28mint[39m([38;5;28;43minput[39;49m[43m([49m[38;5;124;43m"[39;49m[38;5;124;43mAntal dronninger der skal løses: [39;49m[38;5;130;43;01m\n[39;49;00m[38;5;124;43m"[39;49m[43m)[49m)
[1;32m      3[0m chessboard [38;5;241m=[39m np[38;5;241m.[39mzeros([N,N],dtype[38;5;241m=[39m[38;5;28mint[39m)
[1;32m      4[0m chessboard [38;5;241m=[39m chessboard[38;5;241m.[39mtolist()

File [0;32m/opt/anaconda3/lib/python3.9/site-packages/ipykernel/kernelbase.py:1072[0m, in [0;36mKernel.raw_input[0;34m(self, prompt)[0m
[1;32m   1065[0m [38;5;124;03m"""Forward raw_input to frontends[39;00m
[1;32m   1066[0m 
[1;32m   1067[0m [38;5;124;03mRaises[39;00m
[1;32m   1068[0m [38;5;124;03m------[39;00m
[1;32m   1069[0m [38;5;124;03mStdinNotImplementedError if active frontend doesn't support stdin.[39;00m
[1;32m   1070[0m [38;5;124;03m"""[39;00m
[1;32m   1071[0m [38;5;28;01mif[39;00m [38;5;129;01mnot[39;00m [38;5;28mself[39m[38;5;241m.[39m_allow_stdin:
[0;32m-> 1072[0m     [38;5;28;01mraise[39;00m StdinNotImplementedError(
[1;32m   1073[0m         [38;5;124m"[39m[38;5;124mraw_input was called, but this frontend does not support input requests.[39m[38;5;124m"[39m
[1;32m   1074[0m     )
[1;32m   1075[0m [38;5;28;01mreturn[39;00m [38;5;28mself[39m[38;5;241m.[39m_input_request(
[1;32m   1076[0m     [38;5;28mstr[39m(prompt),
[1;32m   1077[0m     [38;5;28mself[39m[38;5;241m.[39m_parent_ident[[38;5;124m"[39m[38;5;124mshell[39m[38;5;124m"[39m],
[1;32m   1078[0m     [38;5;28mself[39m[38;5;241m.[39mget_parent([38;5;124m"[39m[38;5;124mshell[39m[38;5;124m"[39m),
[1;32m   1079[0m     password[38;5;241m=[39m[38;5;28;01mFalse[39;00m,
[1;32m   1080[0m )

[0;31mStdinNotImplementedError[0m: raw_input was called, but this frontend does not support input requests.
StdinNotImplementedError: raw_input was called, but this frontend does not support input requests.

